internal/modules/cjs/loader.js:796
    throw err;
    ^

Error: Cannot find module 'express'
Require stack:
- C:\Users\sunny.redhu\Desktop\current-stuff\phonebook-monorepo\backend\index.js
    at Function.Module._resolveFilename (internal/modules/cjs/loader.js:793:17)
    at Function.Module._load (internal/modules/cjs/loader.js:686:27)
    at Module.require (internal/modules/cjs/loader.js:848:19)
    at require (internal/modules/cjs/helpers.js:74:18)
    at Object.<anonymous> (C:\Users\sunny.redhu\Desktop\current-stuff\phonebook-monorepo\backend\index.js:1:17)
    at Module._compile (internal/modules/cjs/loader.js:955:30)
    at Object.Module._extensions..js (internal/modules/cjs/loader.js:991:10)
    at Module.load (internal/modules/cjs/loader.js:811:32)
    at Function.Module._load (internal/modules/cjs/loader.js:723:14)
    at Function.Module.runMain (internal/modules/cjs/loader.js:1043:10) {
  code: 'MODULE_NOT_FOUND',
  requireStack: [
    'C:\\Users\\sunny.redhu\\Desktop\\current-stuff\\phonebook-monorepo\\backend\\index.js'
  ]
}
